<?xml version="1.0" encoding="utf-8" standalone="no"?>
<test-run id="0" runstate="Runnable" testcasecount="1" result="Passed" total="1" passed="1" failed="0" inconclusive="0" skipped="0" asserts="1" engine-version="3.11.1.0" clr-version="4.0.30319.42000" start-time="2020-08-27 18:24:52Z" end-time="2020-08-27 18:24:54Z" duration="1.547107">
  <command-line><![CDATA["nunit3-console.exe"  "D:\NUNIT\TestArtifacts\Debug\TestingProject.dll"]]></command-line>
  <test-suite type="Assembly" id="0-1002" name="TestingProject.dll" fullname="D:\NUNIT\TestArtifacts\Debug\TestingProject.dll" runstate="Runnable" testcasecount="1" result="Passed" start-time="2020-08-27 18:24:54Z" end-time="2020-08-27 18:24:54Z" duration="0.085113" total="1" passed="1" failed="0" warnings="0" inconclusive="0" skipped="0" asserts="1">
    <environment framework-version="3.12.0.0" clr-version="4.0.30319.42000" os-version="Microsoft Windows NT 10.0.18362.0" platform="Win32NT" cwd="D:\NUNIT\TestArtifacts" machine-name="IL013471" user="Mayank.Sisodia" user-domain="APTIFY" culture="en-US" uiculture="en-US" os-architecture="x64" />
    <settings>
      <setting name="DisposeRunners" value="True" />
      <setting name="WorkDirectory" value="D:\NUNIT\TestArtifacts" />
      <setting name="ImageRuntimeVersion" value="4.0.30319" />
      <setting name="ImageTargetFrameworkName" value=".NETFramework,Version=v4.7.2" />
      <setting name="ImageRequiresX86" value="False" />
      <setting name="ImageRequiresDefaultAppDomainAssemblyResolver" value="False" />
      <setting name="RuntimeFramework" value="net-4.0" />
      <setting name="NumberOfTestWorkers" value="8" />
    </settings>
    <properties>
      <property name="_PID" value="16016" />
      <property name="_APPDOMAIN" value="domain-" />
    </properties>
    <test-suite type="TestSuite" id="0-1003" name="TestingProject" fullname="TestingProject" runstate="Runnable" testcasecount="1" result="Passed" start-time="2020-08-27 18:24:54Z" end-time="2020-08-27 18:24:54Z" duration="0.056818" total="1" passed="1" failed="0" warnings="0" inconclusive="0" skipped="0" asserts="1">
      <test-suite type="TestFixture" id="0-1000" name="Class1" fullname="TestingProject.Class1" classname="TestingProject.Class1" runstate="Runnable" testcasecount="1" result="Passed" start-time="2020-08-27 18:24:54Z" end-time="2020-08-27 18:24:54Z" duration="0.050394" total="1" passed="1" failed="0" warnings="0" inconclusive="0" skipped="0" asserts="1">
        <test-case id="0-1001" name="SumTest" fullname="TestingProject.Class1.SumTest" methodname="SumTest" classname="TestingProject.Class1" runstate="Runnable" seed="1932689256" result="Passed" start-time="2020-08-27 18:24:54Z" end-time="2020-08-27 18:24:54Z" duration="0.035000" asserts="1" />
      </test-suite>
    </test-suite>
  </test-suite>
</test-run>